::1 - - [05/Oct/2023:21:06:29 +0300] "GET / HTTP/1.1" 200 345
::1 - - [05/Oct/2023:21:06:32 +0300] "GET /favicon.ico HTTP/1.1" 404 196
::1 - - [05/Oct/2023:21:09:12 +0300] "GET / HTTP/1.1" 200 345
192.168.9.193 - - [05/Oct/2023:21:12:12 +0300] "GET / HTTP/1.1" 200 345
::1 - - [05/Oct/2023:21:12:46 +0300] "GET / HTTP/1.1" 200 345
::1 - - [05/Oct/2023:21:15:27 +0300] "GET / HTTP/1.1" 200 345
::1 - - [05/Oct/2023:21:15:29 +0300] "GET / HTTP/1.1" 200 345
::1 - - [05/Oct/2023:21:15:59 +0300] "GET /index.php?name=root&password= HTTP/1.1" 200 409
::1 - - [05/Oct/2023:21:15:59 +0300] "GET /css/style.css HTTP/1.1" 200 51
::1 - - [05/Oct/2023:21:16:00 +0300] "GET /newGame.php HTTP/1.1" 200 10318
::1 - - [05/Oct/2023:21:16:00 +0300] "GET /Images/Kards/2_of_clubs.svg.png HTTP/1.1" 200 18838
::1 - - [05/Oct/2023:21:16:00 +0300] "GET /Images/Kards/3_of_clubs.svg.png HTTP/1.1" 200 22549
::1 - - [05/Oct/2023:21:16:00 +0300] "GET /Images/Kards/5_of_clubs.svg.png HTTP/1.1" 200 27723
::1 - - [05/Oct/2023:21:16:00 +0300] "GET /Images/Kards/4_of_clubs.svg.png HTTP/1.1" 200 23683
::1 - - [05/Oct/2023:21:16:00 +0300] "GET /Images/Kards/6_of_clubs.svg.png HTTP/1.1" 200 30178
::1 - - [05/Oct/2023:21:16:00 +0300] "GET /Images/Kards/7_of_clubs.svg.png HTTP/1.1" 200 31786
::1 - - [05/Oct/2023:21:16:00 +0300] "GET /Images/Kards/8_of_clubs.svg.png HTTP/1.1" 200 36725
::1 - - [05/Oct/2023:21:16:00 +0300] "GET /Images/Kards/9_of_clubs.svg.png HTTP/1.1" 200 38146
::1 - - [05/Oct/2023:21:16:00 +0300] "GET /Images/Kards/10_of_clubs.svg.png HTTP/1.1" 200 39304
::1 - - [05/Oct/2023:21:16:00 +0300] "GET /Images/Kards/jack_of_clubs.svg.png HTTP/1.1" 200 178358
::1 - - [05/Oct/2023:21:16:00 +0300] "GET /Images/Kards/3_of_diamonds.svg.png HTTP/1.1" 200 20104
::1 - - [05/Oct/2023:21:16:00 +0300] "GET /Images/Kards/4_of_diamonds.svg.png HTTP/1.1" 200 18843
::1 - - [05/Oct/2023:21:16:00 +0300] "GET /Images/Kards/5_of_diamonds.svg.png HTTP/1.1" 200 21817
::1 - - [05/Oct/2023:21:16:00 +0300] "GET /Images/Kards/2_of_diamonds.svg.png HTTP/1.1" 200 17076
::1 - - [05/Oct/2023:21:16:00 +0300] "GET /Images/Kards/ace_of_clubs.svg.png HTTP/1.1" 200 16295
::1 - - [05/Oct/2023:21:16:00 +0300] "GET /Images/Kards/6_of_diamonds.svg.png HTTP/1.1" 200 25532
::1 - - [05/Oct/2023:21:16:00 +0300] "GET /Images/Kards/9_of_diamonds.svg.png HTTP/1.1" 200 30872
::1 - - [05/Oct/2023:21:16:00 +0300] "GET /Images/Kards/7_of_diamonds.svg.png HTTP/1.1" 200 25423
::1 - - [05/Oct/2023:21:16:00 +0300] "GET /Images/Kards/8_of_diamonds.svg.png HTTP/1.1" 200 29912
::1 - - [05/Oct/2023:21:16:00 +0300] "GET /Images/Kards/king_of_clubs.svg.png HTTP/1.1" 200 161344
::1 - - [05/Oct/2023:21:16:00 +0300] "GET /Images/Kards/10_of_diamonds.svg.png HTTP/1.1" 200 30498
::1 - - [05/Oct/2023:21:16:00 +0300] "GET /Images/Kards/queen_of_clubs.svg.png HTTP/1.1" 200 183556
::1 - - [05/Oct/2023:21:16:00 +0300] "GET /Images/Kards/ace_of_diamonds.svg.png HTTP/1.1" 200 15560
::1 - - [05/Oct/2023:21:16:00 +0300] "GET /Images/Kards/jack_of_diamonds.svg.png HTTP/1.1" 200 182390
::1 - - [05/Oct/2023:21:16:00 +0300] "GET /Images/Kards/2_of_hearts.svg.png HTTP/1.1" 200 17622
::1 - - [05/Oct/2023:21:16:00 +0300] "GET /Images/Kards/3_of_hearts.svg.png HTTP/1.1" 200 20545
::1 - - [05/Oct/2023:21:16:00 +0300] "GET /Images/Kards/4_of_hearts.svg.png HTTP/1.1" 200 19891
::1 - - [05/Oct/2023:21:16:00 +0300] "GET /Images/Kards/queen_of_diamonds.svg.png HTTP/1.1" 200 187118
::1 - - [05/Oct/2023:21:16:00 +0300] "GET /Images/Kards/king_of_diamonds.svg.png HTTP/1.1" 200 171628
::1 - - [05/Oct/2023:21:16:00 +0300] "GET /Images/Kards/5_of_hearts.svg.png HTTP/1.1" 200 23556
::1 - - [05/Oct/2023:21:16:00 +0300] "GET /Images/Kards/6_of_hearts.svg.png HTTP/1.1" 200 26545
::1 - - [05/Oct/2023:21:16:00 +0300] "GET /Images/Kards/8_of_hearts.svg.png HTTP/1.1" 200 29440
::1 - - [05/Oct/2023:21:16:00 +0300] "GET /Images/Kards/7_of_hearts.svg.png HTTP/1.1" 200 26122
::1 - - [05/Oct/2023:21:16:00 +0300] "GET /Images/Kards/9_of_hearts.svg.png HTTP/1.1" 200 30083
::1 - - [05/Oct/2023:21:16:00 +0300] "GET /Images/Kards/10_of_hearts.svg.png HTTP/1.1" 200 29863
::1 - - [05/Oct/2023:21:16:00 +0300] "GET /Images/Kards/ace_of_hearts.svg.png HTTP/1.1" 200 16131
::1 - - [05/Oct/2023:21:16:00 +0300] "GET /Images/Kards/2_of_spades.svg.png HTTP/1.1" 200 16701
::1 - - [05/Oct/2023:21:16:00 +0300] "GET /Images/Kards/3_of_spades.svg.png HTTP/1.1" 200 19245
::1 - - [05/Oct/2023:21:16:00 +0300] "GET /Images/Kards/jack_of_hearts.svg.png HTTP/1.1" 200 186608
::1 - - [05/Oct/2023:21:16:00 +0300] "GET /Images/Kards/queen_of_hearts.svg.png HTTP/1.1" 200 194245
::1 - - [05/Oct/2023:21:16:00 +0300] "GET /Images/Kards/5_of_spades.svg.png HTTP/1.1" 200 21622
::1 - - [05/Oct/2023:21:16:00 +0300] "GET /Images/Kards/king_of_hearts.svg.png HTTP/1.1" 200 183915
::1 - - [05/Oct/2023:21:16:00 +0300] "GET /Images/Kards/4_of_spades.svg.png HTTP/1.1" 200 18763
::1 - - [05/Oct/2023:21:16:00 +0300] "GET /Images/Kards/6_of_spades.svg.png HTTP/1.1" 200 24177
::1 - - [05/Oct/2023:21:16:00 +0300] "GET /Images/Kards/7_of_spades.svg.png HTTP/1.1" 200 24072
::1 - - [05/Oct/2023:21:16:00 +0300] "GET /Images/Kards/8_of_spades.svg.png HTTP/1.1" 200 29511
::1 - - [05/Oct/2023:21:16:00 +0300] "GET /Images/Kards/10_of_spades.svg.png HTTP/1.1" 200 30184
::1 - - [05/Oct/2023:21:16:00 +0300] "GET /Images/Kards/9_of_spades.svg.png HTTP/1.1" 200 30148
::1 - - [05/Oct/2023:21:16:00 +0300] "GET /Images/Kards/ace_of_spades.svg.png HTTP/1.1" 200 28393
::1 - - [05/Oct/2023:21:16:00 +0300] "GET /Images/Kards/king_of_spades.svg.png HTTP/1.1" 200 179903
::1 - - [05/Oct/2023:21:16:00 +0300] "GET /Images/Kards/jack_of_spades.svg.png HTTP/1.1" 200 182767
::1 - - [05/Oct/2023:21:16:00 +0300] "GET /Images/Kards/queen_of_spades.svg.png HTTP/1.1" 200 163468
::1 - - [05/Oct/2023:21:16:05 +0300] "OPTIONS * HTTP/1.0" 200 -
::1 - - [05/Oct/2023:21:16:06 +0300] "OPTIONS * HTTP/1.0" 200 -
::1 - - [05/Oct/2023:21:16:08 +0300] "OPTIONS * HTTP/1.0" 200 -
::1 - - [05/Oct/2023:21:22:44 +0300] "GET / HTTP/1.1" 200 345
::1 - - [05/Oct/2023:21:22:44 +0300] "GET / HTTP/1.1" 200 345
::1 - - [05/Oct/2023:21:22:50 +0300] "GET /index.php?name=root&password= HTTP/1.1" 200 409
::1 - - [05/Oct/2023:21:22:51 +0300] "GET /newGame.php HTTP/1.1" 200 1446
::1 - - [05/Oct/2023:21:24:50 +0300] "GET / HTTP/1.1" 200 345
::1 - - [05/Oct/2023:21:24:50 +0300] "GET / HTTP/1.1" 200 345
::1 - - [05/Oct/2023:21:24:55 +0300] "GET /index.php?name=root&password= HTTP/1.1" 200 409
::1 - - [05/Oct/2023:21:24:56 +0300] "GET /newGame.php HTTP/1.1" 200 10381
::1 - - [05/Oct/2023:21:28:47 +0300] "GET / HTTP/1.1" 200 345
::1 - - [05/Oct/2023:21:28:47 +0300] "GET / HTTP/1.1" 200 345
::1 - - [05/Oct/2023:21:28:52 +0300] "GET /index.php?name=root&password= HTTP/1.1" 200 409
::1 - - [05/Oct/2023:21:28:53 +0300] "GET /newGame.php HTTP/1.1" 200 10318
::1 - - [05/Oct/2023:21:30:16 +0300] "GET / HTTP/1.1" 200 345
::1 - - [05/Oct/2023:21:30:20 +0300] "GET /index.php?name=root&password= HTTP/1.1" 200 409
::1 - - [05/Oct/2023:21:30:21 +0300] "GET /newGame.php HTTP/1.1" 200 10318
::1 - - [05/Oct/2023:21:30:29 +0300] "GET / HTTP/1.1" 200 345
::1 - - [05/Oct/2023:21:33:42 +0300] "GET / HTTP/1.1" 200 345
::1 - - [05/Oct/2023:21:33:42 +0300] "GET / HTTP/1.1" 200 345
::1 - - [05/Oct/2023:21:33:47 +0300] "GET /index.php?name=root&password= HTTP/1.1" 200 409
::1 - - [05/Oct/2023:21:33:48 +0300] "GET /newGame.php HTTP/1.1" 200 1446
::1 - - [05/Oct/2023:21:34:44 +0300] "GET / HTTP/1.1" 200 345
::1 - - [05/Oct/2023:21:34:44 +0300] "GET / HTTP/1.1" 200 345
::1 - - [05/Oct/2023:21:34:48 +0300] "GET /index.php?name=root&password= HTTP/1.1" 200 409
::1 - - [05/Oct/2023:21:34:49 +0300] "GET /newGame.php HTTP/1.1" 200 10389
::1 - - [05/Oct/2023:21:38:07 +0300] "GET / HTTP/1.1" 200 345
::1 - - [05/Oct/2023:21:38:29 +0300] "GET /index.php?name=root&password= HTTP/1.1" 200 409
::1 - - [05/Oct/2023:21:38:31 +0300] "GET /newGame.php HTTP/1.1" 200 10389
::1 - - [05/Oct/2023:21:39:27 +0300] "GET /newGame.php HTTP/1.1" 200 10385
::1 - - [05/Oct/2023:21:41:14 +0300] "GET /newGame.php HTTP/1.1" 200 10382
::1 - - [05/Oct/2023:21:43:29 +0300] "GET /newGame.php HTTP/1.1" 200 10382
::1 - - [05/Oct/2023:21:44:45 +0300] "GET / HTTP/1.1" 200 345
::1 - - [05/Oct/2023:21:44:49 +0300] "GET /index.php?name=root&password= HTTP/1.1" 200 409
::1 - - [05/Oct/2023:21:44:50 +0300] "GET /newGame.php HTTP/1.1" 200 10383
::1 - - [05/Oct/2023:21:44:53 +0300] "GET /newGame.php HTTP/1.1" 200 10383
::1 - - [05/Oct/2023:21:45:00 +0300] "GET / HTTP/1.1" 200 345
::1 - - [05/Oct/2023:21:45:41 +0300] "GET / HTTP/1.1" 200 345
::1 - - [05/Oct/2023:21:45:42 +0300] "GET / HTTP/1.1" 200 345
::1 - - [05/Oct/2023:21:45:47 +0300] "GET /index.php?name=root&password= HTTP/1.1" 200 409
::1 - - [05/Oct/2023:21:45:48 +0300] "GET /newGame.php HTTP/1.1" 200 10408
::1 - - [05/Oct/2023:21:45:54 +0300] "GET /newGame.php HTTP/1.1" 200 10408
::1 - - [05/Oct/2023:21:51:01 +0300] "GET / HTTP/1.1" 200 345
::1 - - [05/Oct/2023:21:51:04 +0300] "GET / HTTP/1.1" 200 345
::1 - - [05/Oct/2023:21:51:08 +0300] "GET /index.php?name=root&password= HTTP/1.1" 200 409
::1 - - [05/Oct/2023:21:51:09 +0300] "GET /newGame.php HTTP/1.1" 200 10450
